# JRE version: OpenJDK Runtime Environment (8.0_242) (build 1.8.0_242-release-1644-b3-6222593)
# Java VM: OpenJDK 64-Bit Server VM (25.242-b3-6222593 mixed mode linux-amd64 compressed oops)
Heap:
 PSYoungGen      total 544256K, used 6101K [0x00000000d5580000, 0x00000000f8200000, 0x0000000100000000)
  eden space 518656K, 0% used [0x00000000d5580000,0x00000000d5580000,0x00000000f5000000)
  from space 25600K, 23% used [0x00000000f5000000,0x00000000f55f54e8,0x00000000f6900000)
  to   space 24064K, 0% used [0x00000000f6a80000,0x00000000f6a80000,0x00000000f8200000)
 ParOldGen       total 132096K, used 87239K [0x0000000080000000, 0x0000000088100000, 0x00000000d5580000)
  object space 132096K, 66% used [0x0000000080000000,0x0000000085531d20,0x0000000088100000)
 Metaspace       used 84954K, capacity 88899K, committed 89256K, reserved 1126400K
  class space    used 11318K, capacity 12071K, committed 12208K, reserved 1048576K
GC Heap History (10 events):
Event: 136.528 GC heap after
Heap after GC invocations=23 (full 4):
 PSYoungGen      total 376320K, used 3690K [0x00000000d5580000, 0x00000000f3000000, 0x0000000100000000)
  eden space 346112K, 0% used [0x00000000d5580000,0x00000000d5580000,0x00000000ea780000)
  from space 30208K, 12% used [0x00000000ea780000,0x00000000eab1abf8,0x00000000ec500000)
  to   space 29184K, 0% used [0x00000000f1380000,0x00000000f1380000,0x00000000f3000000)
 ParOldGen       total 102912K, used 85370K [0x0000000080000000, 0x0000000086480000, 0x00000000d5580000)
  object space 102912K, 82% used [0x0000000080000000,0x000000008535e838,0x0000000086480000)
 Metaspace       used 84664K, capacity 88705K, committed 89000K, reserved 1126400K
  class space    used 11353K, capacity 12104K, committed 12208K, reserved 1048576K
}
Event: 142.235 GC heap before
{Heap before GC invocations=24 (full 4):
 PSYoungGen      total 376320K, used 349802K [0x00000000d5580000, 0x00000000f3000000, 0x0000000100000000)
  eden space 346112K, 100% used [0x00000000d5580000,0x00000000ea780000,0x00000000ea780000)
  from space 30208K, 12% used [0x00000000ea780000,0x00000000eab1abf8,0x00000000ec500000)
  to   space 29184K, 0% used [0x00000000f1380000,0x00000000f1380000,0x00000000f3000000)
 ParOldGen       total 102912K, used 85370K [0x0000000080000000, 0x0000000086480000, 0x00000000d5580000)
  object space 102912K, 82% used [0x0000000080000000,0x000000008535e838,0x0000000086480000)
 Metaspace       used 84849K, capacity 88953K, committed 89256K, reserved 1126400K
  class space    used 11354K, capacity 12136K, committed 12208K, reserved 1048576K
Event: 142.309 GC heap after
Heap after GC invocations=24 (full 4):
 PSYoungGen      total 447488K, used 6034K [0x00000000d5580000, 0x00000000f2a80000, 0x0000000100000000)
  eden space 423936K, 0% used [0x00000000d5580000,0x00000000d5580000,0x00000000ef380000)
  from space 23552K, 25% used [0x00000000f1380000,0x00000000f1964900,0x00000000f2a80000)
  to   space 28160K, 0% used [0x00000000ef380000,0x00000000ef380000,0x00000000f0f00000)
 ParOldGen       total 102912K, used 87617K [0x0000000080000000, 0x0000000086480000, 0x00000000d5580000)
  object space 102912K, 85% used [0x0000000080000000,0x0000000085590530,0x0000000086480000)
 Metaspace       used 84849K, capacity 88953K, committed 89256K, reserved 1126400K
  class space    used 11354K, capacity 12136K, committed 12208K, reserved 1048576K
}
Event: 142.309 GC heap before
{Heap before GC invocations=25 (full 5):
 PSYoungGen      total 447488K, used 6034K [0x00000000d5580000, 0x00000000f2a80000, 0x0000000100000000)
  eden space 423936K, 0% used [0x00000000d5580000,0x00000000d5580000,0x00000000ef380000)
  from space 23552K, 25% used [0x00000000f1380000,0x00000000f1964900,0x00000000f2a80000)
  to   space 28160K, 0% used [0x00000000ef380000,0x00000000ef380000,0x00000000f0f00000)
 ParOldGen       total 102912K, used 87617K [0x0000000080000000, 0x0000000086480000, 0x00000000d5580000)
  object space 102912K, 85% used [0x0000000080000000,0x0000000085590530,0x0000000086480000)
 Metaspace       used 84849K, capacity 88953K, committed 89256K, reserved 1126400K
  class space    used 11354K, capacity 12136K, committed 12208K, reserved 1048576K
Event: 143.128 GC heap after
Heap after GC invocations=25 (full 5):
 PSYoungGen      total 447488K, used 0K [0x00000000d5580000, 0x00000000f2a80000, 0x0000000100000000)
  eden space 423936K, 0% used [0x00000000d5580000,0x00000000d5580000,0x00000000ef380000)
  from space 23552K, 0% used [0x00000000f1380000,0x00000000f1380000,0x00000000f2a80000)
  to   space 28160K, 0% used [0x00000000ef380000,0x00000000ef380000,0x00000000f0f00000)
 ParOldGen       total 132096K, used 70301K [0x0000000080000000, 0x0000000088100000, 0x00000000d5580000)
  object space 132096K, 53% used [0x0000000080000000,0x00000000844a74c0,0x0000000088100000)
 Metaspace       used 84738K, capacity 88661K, committed 89256K, reserved 1126400K
  class space    used 11316K, capacity 12068K, committed 12208K, reserved 1048576K
}
Event: 149.692 GC heap before
{Heap before GC invocations=26 (full 5):
 PSYoungGen      total 447488K, used 423936K [0x00000000d5580000, 0x00000000f2a80000, 0x0000000100000000)
  eden space 423936K, 100% used [0x00000000d5580000,0x00000000ef380000,0x00000000ef380000)
  from space 23552K, 0% used [0x00000000f1380000,0x00000000f1380000,0x00000000f2a80000)
  to   space 28160K, 0% used [0x00000000ef380000,0x00000000ef380000,0x00000000f0f00000)
 ParOldGen       total 132096K, used 70301K [0x0000000080000000, 0x0000000088100000, 0x00000000d5580000)
  object space 132096K, 53% used [0x0000000080000000,0x00000000844a74c0,0x0000000088100000)
 Metaspace       used 84798K, capacity 88695K, committed 89256K, reserved 1126400K
  class space    used 11318K, capacity 12071K, committed 12208K, reserved 1048576K
Event: 149.925 GC heap after
Heap after GC invocations=26 (full 5):
 PSYoungGen      total 452096K, used 8875K [0x00000000d5580000, 0x00000000f8480000, 0x0000000100000000)
  eden space 423936K, 0% used [0x00000000d5580000,0x00000000d5580000,0x00000000ef380000)
  from space 28160K, 31% used [0x00000000ef380000,0x00000000efc2ac98,0x00000000f0f00000)
  to   space 26624K, 0% used [0x00000000f6a80000,0x00000000f6a80000,0x00000000f8480000)
 ParOldGen       total 132096K, used 70301K [0x0000000080000000, 0x0000000088100000, 0x00000000d5580000)
  object space 132096K, 53% used [0x0000000080000000,0x00000000844a74c0,0x0000000088100000)
 Metaspace       used 84798K, capacity 88695K, committed 89256K, reserved 1126400K
  class space    used 11318K, capacity 12071K, committed 12208K, reserved 1048576K
}
Event: 156.014 GC heap before
{Heap before GC invocations=27 (full 5):
 PSYoungGen      total 452096K, used 432811K [0x00000000d5580000, 0x00000000f8480000, 0x0000000100000000)
  eden space 423936K, 100% used [0x00000000d5580000,0x00000000ef380000,0x00000000ef380000)
  from space 28160K, 31% used [0x00000000ef380000,0x00000000efc2ac98,0x00000000f0f00000)
  to   space 26624K, 0% used [0x00000000f6a80000,0x00000000f6a80000,0x00000000f8480000)
 ParOldGen       total 132096K, used 70301K [0x0000000080000000, 0x0000000088100000, 0x00000000d5580000)
  object space 132096K, 53% used [0x0000000080000000,0x00000000844a74c0,0x0000000088100000)
 Metaspace       used 84897K, capacity 88895K, committed 89256K, reserved 1126400K
  class space    used 11318K, capacity 12071K, committed 12208K, reserved 1048576K
Event: 156.138 GC heap after
Heap after GC invocations=27 (full 5):
 PSYoungGen      total 542720K, used 12122K [0x00000000d5580000, 0x00000000f8200000, 0x0000000100000000)
  eden space 518656K, 0% used [0x00000000d5580000,0x00000000d5580000,0x00000000f5000000)
  from space 24064K, 50% used [0x00000000f6a80000,0x00000000f7656a00,0x00000000f8200000)
  to   space 25600K, 0% used [0x00000000f5000000,0x00000000f5000000,0x00000000f6900000)
 ParOldGen       total 132096K, used 77179K [0x0000000080000000, 0x0000000088100000, 0x00000000d5580000)
  object space 132096K, 58% used [0x0000000080000000,0x0000000084b5ecd0,0x0000000088100000)
 Metaspace       used 84897K, capacity 88895K, committed 89256K, reserved 1126400K
  class space    used 11318K, capacity 12071K, committed 12208K, reserved 1048576K
}
Event: 163.525 GC heap before
{Heap before GC invocations=28 (full 5):
 PSYoungGen      total 542720K, used 530778K [0x00000000d5580000, 0x00000000f8200000, 0x0000000100000000)
  eden space 518656K, 100% used [0x00000000d5580000,0x00000000f5000000,0x00000000f5000000)
  from space 24064K, 50% used [0x00000000f6a80000,0x00000000f7656a00,0x00000000f8200000)
  to   space 25600K, 0% used [0x00000000f5000000,0x00000000f5000000,0x00000000f6900000)
 ParOldGen       total 132096K, used 77179K [0x0000000080000000, 0x0000000088100000, 0x00000000d5580000)
  object space 132096K, 58% used [0x0000000080000000,0x0000000084b5ecd0,0x0000000088100000)
 Metaspace       used 84954K, capacity 88899K, committed 89256K, reserved 1126400K
  class space    used 11318K, capacity 12071K, committed 12208K, reserved 1048576K

