# JRE version: OpenJDK Runtime Environment (8.0_242) (build 1.8.0_242-release-1644-b3-6222593)
# Java VM: OpenJDK 64-Bit Server VM (25.242-b3-6222593 mixed mode linux-amd64 compressed oops)
Heap:
 PSYoungGen      total 472064K, used 14317K [0x00000000d5580000, 0x00000000f4100000, 0x0000000100000000)
  eden space 440832K, 0% used [0x00000000d5580000,0x00000000d5580000,0x00000000f0400000)
  from space 31232K, 45% used [0x00000000f0400000,0x00000000f11fb5e8,0x00000000f2280000)
  to   space 27648K, 0% used [0x00000000f2600000,0x00000000f2600000,0x00000000f4100000)
 ParOldGen       total 126464K, used 70582K [0x0000000080000000, 0x0000000087b80000, 0x00000000d5580000)
  object space 126464K, 55% used [0x0000000080000000,0x00000000844edb28,0x0000000087b80000)
 Metaspace       used 71761K, capacity 75276K, committed 75944K, reserved 1114112K
  class space    used 9775K, capacity 10469K, committed 10672K, reserved 1048576K
GC Heap History (10 events):
Event: 90.257 GC heap after
Heap after GC invocations=22 (full 3):
 PSYoungGen      total 343552K, used 16554K [0x00000000d5580000, 0x00000000f0580000, 0x0000000100000000)
  eden space 308736K, 0% used [0x00000000d5580000,0x00000000d5580000,0x00000000e8300000)
  from space 34816K, 47% used [0x00000000e8300000,0x00000000e932a8d0,0x00000000ea500000)
  to   space 33792K, 0% used [0x00000000ee480000,0x00000000ee480000,0x00000000f0580000)
 ParOldGen       total 74752K, used 67952K [0x0000000080000000, 0x0000000084900000, 0x00000000d5580000)
  object space 74752K, 90% used [0x0000000080000000,0x000000008425c278,0x0000000084900000)
 Metaspace       used 70817K, capacity 74714K, committed 74792K, reserved 1114112K
  class space    used 9738K, capacity 10498K, committed 10544K, reserved 1048576K
}
Event: 90.257 GC heap before
{Heap before GC invocations=23 (full 4):
 PSYoungGen      total 343552K, used 16554K [0x00000000d5580000, 0x00000000f0580000, 0x0000000100000000)
  eden space 308736K, 0% used [0x00000000d5580000,0x00000000d5580000,0x00000000e8300000)
  from space 34816K, 47% used [0x00000000e8300000,0x00000000e932a8d0,0x00000000ea500000)
  to   space 33792K, 0% used [0x00000000ee480000,0x00000000ee480000,0x00000000f0580000)
 ParOldGen       total 74752K, used 67952K [0x0000000080000000, 0x0000000084900000, 0x00000000d5580000)
  object space 74752K, 90% used [0x0000000080000000,0x000000008425c278,0x0000000084900000)
 Metaspace       used 70817K, capacity 74714K, committed 74792K, reserved 1114112K
  class space    used 9738K, capacity 10498K, committed 10544K, reserved 1048576K
Event: 91.045 GC heap after
Heap after GC invocations=23 (full 4):
 PSYoungGen      total 343552K, used 0K [0x00000000d5580000, 0x00000000f0580000, 0x0000000100000000)
  eden space 308736K, 0% used [0x00000000d5580000,0x00000000d5580000,0x00000000e8300000)
  from space 34816K, 0% used [0x00000000e8300000,0x00000000e8300000,0x00000000ea500000)
  to   space 33792K, 0% used [0x00000000ee480000,0x00000000ee480000,0x00000000f0580000)
 ParOldGen       total 126464K, used 70566K [0x0000000080000000, 0x0000000087b80000, 0x00000000d5580000)
  object space 126464K, 55% used [0x0000000080000000,0x00000000844e9b28,0x0000000087b80000)
 Metaspace       used 70527K, capacity 73906K, committed 74792K, reserved 1114112K
  class space    used 9641K, capacity 10326K, committed 10544K, reserved 1048576K
}
Event: 95.795 GC heap before
{Heap before GC invocations=24 (full 4):
 PSYoungGen      total 343552K, used 308736K [0x00000000d5580000, 0x00000000f0580000, 0x0000000100000000)
  eden space 308736K, 100% used [0x00000000d5580000,0x00000000e8300000,0x00000000e8300000)
  from space 34816K, 0% used [0x00000000e8300000,0x00000000e8300000,0x00000000ea500000)
  to   space 33792K, 0% used [0x00000000ee480000,0x00000000ee480000,0x00000000f0580000)
 ParOldGen       total 126464K, used 70566K [0x0000000080000000, 0x0000000087b80000, 0x00000000d5580000)
  object space 126464K, 55% used [0x0000000080000000,0x00000000844e9b28,0x0000000087b80000)
 Metaspace       used 70529K, capacity 73914K, committed 74792K, reserved 1114112K
  class space    used 9641K, capacity 10326K, committed 10544K, reserved 1048576K
Event: 95.850 GC heap after
Heap after GC invocations=24 (full 4):
 PSYoungGen      total 402432K, used 3872K [0x00000000d5580000, 0x00000000f0280000, 0x0000000100000000)
  eden space 371712K, 0% used [0x00000000d5580000,0x00000000d5580000,0x00000000ec080000)
  from space 30720K, 12% used [0x00000000ee480000,0x00000000ee848010,0x00000000f0280000)
  to   space 33792K, 0% used [0x00000000ec080000,0x00000000ec080000,0x00000000ee180000)
 ParOldGen       total 126464K, used 70566K [0x0000000080000000, 0x0000000087b80000, 0x00000000d5580000)
  object space 126464K, 55% used [0x0000000080000000,0x00000000844e9b28,0x0000000087b80000)
 Metaspace       used 70529K, capacity 73914K, committed 74792K, reserved 1114112K
  class space    used 9641K, capacity 10326K, committed 10544K, reserved 1048576K
}
Event: 101.196 GC heap before
{Heap before GC invocations=25 (full 4):
 PSYoungGen      total 402432K, used 375584K [0x00000000d5580000, 0x00000000f0280000, 0x0000000100000000)
  eden space 371712K, 100% used [0x00000000d5580000,0x00000000ec080000,0x00000000ec080000)
  from space 30720K, 12% used [0x00000000ee480000,0x00000000ee848010,0x00000000f0280000)
  to   space 33792K, 0% used [0x00000000ec080000,0x00000000ec080000,0x00000000ee180000)
 ParOldGen       total 126464K, used 70566K [0x0000000080000000, 0x0000000087b80000, 0x00000000d5580000)
  object space 126464K, 55% used [0x0000000080000000,0x00000000844e9b28,0x0000000087b80000)
 Metaspace       used 70531K, capacity 73922K, committed 74792K, reserved 1114112K
  class space    used 9641K, capacity 10326K, committed 10544K, reserved 1048576K
Event: 101.266 GC heap after
Heap after GC invocations=25 (full 4):
 PSYoungGen      total 405504K, used 7520K [0x00000000d5580000, 0x00000000f4600000, 0x0000000100000000)
  eden space 371712K, 0% used [0x00000000d5580000,0x00000000d5580000,0x00000000ec080000)
  from space 33792K, 22% used [0x00000000ec080000,0x00000000ec7d8010,0x00000000ee180000)
  to   space 32768K, 0% used [0x00000000f2600000,0x00000000f2600000,0x00000000f4600000)
 ParOldGen       total 126464K, used 70566K [0x0000000080000000, 0x0000000087b80000, 0x00000000d5580000)
  object space 126464K, 55% used [0x0000000080000000,0x00000000844e9b28,0x0000000087b80000)
 Metaspace       used 70531K, capacity 73922K, committed 74792K, reserved 1114112K
  class space    used 9641K, capacity 10326K, committed 10544K, reserved 1048576K
}
Event: 106.940 GC heap before
{Heap before GC invocations=26 (full 4):
 PSYoungGen      total 405504K, used 379232K [0x00000000d5580000, 0x00000000f4600000, 0x0000000100000000)
  eden space 371712K, 100% used [0x00000000d5580000,0x00000000ec080000,0x00000000ec080000)
  from space 33792K, 22% used [0x00000000ec080000,0x00000000ec7d8010,0x00000000ee180000)
  to   space 32768K, 0% used [0x00000000f2600000,0x00000000f2600000,0x00000000f4600000)
 ParOldGen       total 126464K, used 70566K [0x0000000080000000, 0x0000000087b80000, 0x00000000d5580000)
  object space 126464K, 55% used [0x0000000080000000,0x00000000844e9b28,0x0000000087b80000)
 Metaspace       used 70690K, capacity 74076K, committed 75048K, reserved 1114112K
  class space    used 9641K, capacity 10327K, committed 10544K, reserved 1048576K
Event: 107.034 GC heap after
Heap after GC invocations=26 (full 4):
 PSYoungGen      total 468480K, used 14346K [0x00000000d5580000, 0x00000000f4100000, 0x0000000100000000)
  eden space 440832K, 0% used [0x00000000d5580000,0x00000000d5580000,0x00000000f0400000)
  from space 27648K, 51% used [0x00000000f2600000,0x00000000f34028c0,0x00000000f4100000)
  to   space 31232K, 0% used [0x00000000f0400000,0x00000000f0400000,0x00000000f2280000)
 ParOldGen       total 126464K, used 70574K [0x0000000080000000, 0x0000000087b80000, 0x00000000d5580000)
  object space 126464K, 55% used [0x0000000080000000,0x00000000844ebb28,0x0000000087b80000)
 Metaspace       used 70690K, capacity 74076K, committed 75048K, reserved 1114112K
  class space    used 9641K, capacity 10327K, committed 10544K, reserved 1048576K
}
Event: 116.539 GC heap before
{Heap before GC invocations=27 (full 4):
 PSYoungGen      total 468480K, used 455178K [0x00000000d5580000, 0x00000000f4100000, 0x0000000100000000)
  eden space 440832K, 100% used [0x00000000d5580000,0x00000000f0400000,0x00000000f0400000)
  from space 27648K, 51% used [0x00000000f2600000,0x00000000f34028c0,0x00000000f4100000)
  to   space 31232K, 0% used [0x00000000f0400000,0x00000000f0400000,0x00000000f2280000)
 ParOldGen       total 126464K, used 70574K [0x0000000080000000, 0x0000000087b80000, 0x00000000d5580000)
  object space 126464K, 55% used [0x0000000080000000,0x00000000844ebb28,0x0000000087b80000)
 Metaspace       used 71761K, capacity 75276K, committed 75944K, reserved 1114112K
  class space    used 9775K, capacity 10469K, committed 10672K, reserved 1048576K

