# JRE version: OpenJDK Runtime Environment (8.0_242) (build 1.8.0_242-release-1644-b3-6222593)
# Java VM: OpenJDK 64-Bit Server VM (25.242-b3-6222593 mixed mode linux-amd64 compressed oops)
Heap:
 PSYoungGen      total 340992K, used 36129K [0x00000000d5580000, 0x00000000ed100000, 0x0000000100000000)
  eden space 301568K, 0% used [0x00000000d5580000,0x00000000d5580000,0x00000000e7c00000)
  from space 39424K, 91% used [0x00000000e7c00000,0x00000000e9f48468,0x00000000ea280000)
  to   space 36864K, 0% used [0x00000000ea280000,0x00000000ea280000,0x00000000ec680000)
 ParOldGen       total 102400K, used 45844K [0x0000000080000000, 0x0000000086400000, 0x00000000d5580000)
  object space 102400K, 44% used [0x0000000080000000,0x0000000082cc51e8,0x0000000086400000)
 Metaspace       used 104236K, capacity 108476K, committed 108976K, reserved 1144832K
  class space    used 13539K, capacity 14368K, committed 14512K, reserved 1048576K
GC Heap History (10 events):
Event: 3727.946 GC heap after
Heap after GC invocations=20 (full 3):
 PSYoungGen      total 269312K, used 24762K [0x00000000d5580000, 0x00000000e9980000, 0x0000000100000000)
  eden space 242176K, 0% used [0x00000000d5580000,0x00000000d5580000,0x00000000e4200000)
  from space 27136K, 91% used [0x00000000e4200000,0x00000000e5a2e9c8,0x00000000e5c80000)
  to   space 30720K, 0% used [0x00000000e7b80000,0x00000000e7b80000,0x00000000e9980000)
 ParOldGen       total 73216K, used 46791K [0x0000000080000000, 0x0000000084780000, 0x00000000d5580000)
  object space 73216K, 63% used [0x0000000080000000,0x0000000082db1d88,0x0000000084780000)
 Metaspace       used 87030K, capacity 91214K, committed 91312K, reserved 1128448K
  class space    used 11297K, capacity 12170K, committed 12208K, reserved 1048576K
}
Event: 3743.477 GC heap before
{Heap before GC invocations=21 (full 3):
 PSYoungGen      total 269312K, used 266938K [0x00000000d5580000, 0x00000000e9980000, 0x0000000100000000)
  eden space 242176K, 100% used [0x00000000d5580000,0x00000000e4200000,0x00000000e4200000)
  from space 27136K, 91% used [0x00000000e4200000,0x00000000e5a2e9c8,0x00000000e5c80000)
  to   space 30720K, 0% used [0x00000000e7b80000,0x00000000e7b80000,0x00000000e9980000)
 ParOldGen       total 73216K, used 46791K [0x0000000080000000, 0x0000000084780000, 0x00000000d5580000)
  object space 73216K, 63% used [0x0000000080000000,0x0000000082db1d88,0x0000000084780000)
 Metaspace       used 91053K, capacity 95280K, committed 95408K, reserved 1132544K
  class space    used 11775K, capacity 12649K, committed 12720K, reserved 1048576K
Event: 3743.851 GC heap after
Heap after GC invocations=21 (full 3):
 PSYoungGen      total 296960K, used 28079K [0x00000000d5580000, 0x00000000ea780000, 0x0000000100000000)
  eden space 266240K, 0% used [0x00000000d5580000,0x00000000d5580000,0x00000000e5980000)
  from space 30720K, 91% used [0x00000000e7b80000,0x00000000e96ebce8,0x00000000e9980000)
  to   space 34816K, 0% used [0x00000000e5980000,0x00000000e5980000,0x00000000e7b80000)
 ParOldGen       total 73216K, used 46799K [0x0000000080000000, 0x0000000084780000, 0x00000000d5580000)
  object space 73216K, 63% used [0x0000000080000000,0x0000000082db3d88,0x0000000084780000)
 Metaspace       used 91053K, capacity 95280K, committed 95408K, reserved 1132544K
  class space    used 11775K, capacity 12649K, committed 12720K, reserved 1048576K
}
Event: 3749.863 GC heap before
{Heap before GC invocations=22 (full 3):
 PSYoungGen      total 296960K, used 177984K [0x00000000d5580000, 0x00000000ea780000, 0x0000000100000000)
  eden space 266240K, 56% used [0x00000000d5580000,0x00000000de7e4358,0x00000000e5980000)
  from space 30720K, 91% used [0x00000000e7b80000,0x00000000e96ebce8,0x00000000e9980000)
  to   space 34816K, 0% used [0x00000000e5980000,0x00000000e5980000,0x00000000e7b80000)
 ParOldGen       total 73216K, used 46799K [0x0000000080000000, 0x0000000084780000, 0x00000000d5580000)
  object space 73216K, 63% used [0x0000000080000000,0x0000000082db3d88,0x0000000084780000)
 Metaspace       used 94116K, capacity 98384K, committed 98600K, reserved 1134592K
  class space    used 12227K, capacity 13115K, committed 13232K, reserved 1048576K
Event: 3749.951 GC heap after
Heap after GC invocations=22 (full 3):
 PSYoungGen      total 301056K, used 24811K [0x00000000d5580000, 0x00000000ec680000, 0x0000000100000000)
  eden space 266240K, 0% used [0x00000000d5580000,0x00000000d5580000,0x00000000e5980000)
  from space 34816K, 71% used [0x00000000e5980000,0x00000000e71badc8,0x00000000e7b80000)
  to   space 36864K, 0% used [0x00000000ea280000,0x00000000ea280000,0x00000000ec680000)
 ParOldGen       total 73216K, used 46807K [0x0000000080000000, 0x0000000084780000, 0x00000000d5580000)
  object space 73216K, 63% used [0x0000000080000000,0x0000000082db5d88,0x0000000084780000)
 Metaspace       used 94116K, capacity 98384K, committed 98600K, reserved 1134592K
  class space    used 12227K, capacity 13115K, committed 13232K, reserved 1048576K
}
Event: 3749.951 GC heap before
{Heap before GC invocations=23 (full 4):
 PSYoungGen      total 301056K, used 24811K [0x00000000d5580000, 0x00000000ec680000, 0x0000000100000000)
  eden space 266240K, 0% used [0x00000000d5580000,0x00000000d5580000,0x00000000e5980000)
  from space 34816K, 71% used [0x00000000e5980000,0x00000000e71badc8,0x00000000e7b80000)
  to   space 36864K, 0% used [0x00000000ea280000,0x00000000ea280000,0x00000000ec680000)
 ParOldGen       total 73216K, used 46807K [0x0000000080000000, 0x0000000084780000, 0x00000000d5580000)
  object space 73216K, 63% used [0x0000000080000000,0x0000000082db5d88,0x0000000084780000)
 Metaspace       used 94116K, capacity 98384K, committed 98600K, reserved 1134592K
  class space    used 12227K, capacity 13115K, committed 13232K, reserved 1048576K
Event: 3750.915 GC heap after
Heap after GC invocations=23 (full 4):
 PSYoungGen      total 301056K, used 0K [0x00000000d5580000, 0x00000000ec680000, 0x0000000100000000)
  eden space 266240K, 0% used [0x00000000d5580000,0x00000000d5580000,0x00000000e5980000)
  from space 34816K, 0% used [0x00000000e5980000,0x00000000e5980000,0x00000000e7b80000)
  to   space 36864K, 0% used [0x00000000ea280000,0x00000000ea280000,0x00000000ec680000)
 ParOldGen       total 102400K, used 45828K [0x0000000080000000, 0x0000000086400000, 0x00000000d5580000)
  object space 102400K, 44% used [0x0000000080000000,0x0000000082cc11e8,0x0000000086400000)
 Metaspace       used 93066K, capacity 96360K, committed 98600K, reserved 1134592K
  class space    used 12007K, capacity 12704K, committed 13232K, reserved 1048576K
}
Event: 3763.364 GC heap before
{Heap before GC invocations=24 (full 4):
 PSYoungGen      total 301056K, used 266240K [0x00000000d5580000, 0x00000000ec680000, 0x0000000100000000)
  eden space 266240K, 100% used [0x00000000d5580000,0x00000000e5980000,0x00000000e5980000)
  from space 34816K, 0% used [0x00000000e5980000,0x00000000e5980000,0x00000000e7b80000)
  to   space 36864K, 0% used [0x00000000ea280000,0x00000000ea280000,0x00000000ec680000)
 ParOldGen       total 102400K, used 45828K [0x0000000080000000, 0x0000000086400000, 0x00000000d5580000)
  object space 102400K, 44% used [0x0000000080000000,0x0000000082cc11e8,0x0000000086400000)
 Metaspace       used 98473K, capacity 102188K, committed 103600K, reserved 1138688K
  class space    used 12693K, capacity 13468K, committed 13744K, reserved 1048576K
Event: 3763.518 GC heap after
Heap after GC invocations=24 (full 4):
 PSYoungGen      total 338432K, used 27928K [0x00000000d5580000, 0x00000000ed100000, 0x0000000100000000)
  eden space 301568K, 0% used [0x00000000d5580000,0x00000000d5580000,0x00000000e7c00000)
  from space 36864K, 75% used [0x00000000ea280000,0x00000000ebdc61e8,0x00000000ec680000)
  to   space 39424K, 0% used [0x00000000e7c00000,0x00000000e7c00000,0x00000000ea280000)
 ParOldGen       total 102400K, used 45836K [0x0000000080000000, 0x0000000086400000, 0x00000000d5580000)
  object space 102400K, 44% used [0x0000000080000000,0x0000000082cc31e8,0x0000000086400000)
 Metaspace       used 98473K, capacity 102188K, committed 103600K, reserved 1138688K
  class space    used 12693K, capacity 13468K, committed 13744K, reserved 1048576K
}
Event: 3773.499 GC heap before
{Heap before GC invocations=25 (full 4):
 PSYoungGen      total 338432K, used 329496K [0x00000000d5580000, 0x00000000ed100000, 0x0000000100000000)
  eden space 301568K, 100% used [0x00000000d5580000,0x00000000e7c00000,0x00000000e7c00000)
  from space 36864K, 75% used [0x00000000ea280000,0x00000000ebdc61e8,0x00000000ec680000)
  to   space 39424K, 0% used [0x00000000e7c00000,0x00000000e7c00000,0x00000000ea280000)
 ParOldGen       total 102400K, used 45836K [0x0000000080000000, 0x0000000086400000, 0x00000000d5580000)
  object space 102400K, 44% used [0x0000000080000000,0x0000000082cc31e8,0x0000000086400000)
 Metaspace       used 104236K, capacity 108476K, committed 108976K, reserved 1144832K
  class space    used 13539K, capacity 14368K, committed 14512K, reserved 1048576K

