# JRE version: OpenJDK Runtime Environment (8.0_242) (build 1.8.0_242-release-1644-b3-6222593)
# Java VM: OpenJDK 64-Bit Server VM (25.242-b3-6222593 mixed mode linux-amd64 compressed oops)
Heap:
 PSYoungGen      total 430592K, used 18424K [0x00000000d5580000, 0x00000000f2680000, 0x0000000100000000)
  eden space 392704K, 0% used [0x00000000d5580000,0x00000000d5580000,0x00000000ed500000)
  from space 37888K, 48% used [0x00000000ed500000,0x00000000ee6fe238,0x00000000efa00000)
  to   space 36864K, 0% used [0x00000000efa00000,0x00000000efa00000,0x00000000f1e00000)
 ParOldGen       total 93696K, used 72549K [0x0000000080000000, 0x0000000085b80000, 0x00000000d5580000)
  object space 93696K, 77% used [0x0000000080000000,0x00000000846d9498,0x0000000085b80000)
 Metaspace       used 92839K, capacity 98004K, committed 98088K, reserved 1134592K
  class space    used 12179K, capacity 13071K, committed 13104K, reserved 1048576K
GC Heap History (10 events):
Event: 264.831 GC heap after
Heap after GC invocations=20 (full 4):
 PSYoungGen      total 320512K, used 20648K [0x00000000d5580000, 0x00000000eb080000, 0x0000000100000000)
  eden space 299520K, 0% used [0x00000000d5580000,0x00000000d5580000,0x00000000e7a00000)
  from space 20992K, 98% used [0x00000000e9c00000,0x00000000eb02a080,0x00000000eb080000)
  to   space 27648K, 0% used [0x00000000e7a80000,0x00000000e7a80000,0x00000000e9580000)
 ParOldGen       total 93696K, used 46831K [0x0000000080000000, 0x0000000085b80000, 0x00000000d5580000)
  object space 93696K, 49% used [0x0000000080000000,0x0000000082dbbe68,0x0000000085b80000)
 Metaspace       used 88635K, capacity 92892K, committed 93096K, reserved 1130496K
  class space    used 11861K, capacity 12649K, committed 12720K, reserved 1048576K
}
Event: 680.393 GC heap before
{Heap before GC invocations=21 (full 4):
 PSYoungGen      total 320512K, used 320168K [0x00000000d5580000, 0x00000000eb080000, 0x0000000100000000)
  eden space 299520K, 100% used [0x00000000d5580000,0x00000000e7a00000,0x00000000e7a00000)
  from space 20992K, 98% used [0x00000000e9c00000,0x00000000eb02a080,0x00000000eb080000)
  to   space 27648K, 0% used [0x00000000e7a80000,0x00000000e7a80000,0x00000000e9580000)
 ParOldGen       total 93696K, used 46831K [0x0000000080000000, 0x0000000085b80000, 0x00000000d5580000)
  object space 93696K, 49% used [0x0000000080000000,0x0000000082dbbe68,0x0000000085b80000)
 Metaspace       used 91029K, capacity 95922K, committed 96168K, reserved 1132544K
  class space    used 12050K, capacity 12940K, committed 12976K, reserved 1048576K
Event: 680.643 GC heap after
Heap after GC invocations=21 (full 4):
 PSYoungGen      total 327680K, used 17142K [0x00000000d5580000, 0x00000000ed980000, 0x0000000100000000)
  eden space 300032K, 0% used [0x00000000d5580000,0x00000000d5580000,0x00000000e7a80000)
  from space 27648K, 62% used [0x00000000e7a80000,0x00000000e8b3d800,0x00000000e9580000)
  to   space 28160K, 0% used [0x00000000ebe00000,0x00000000ebe00000,0x00000000ed980000)
 ParOldGen       total 93696K, used 46839K [0x0000000080000000, 0x0000000085b80000, 0x00000000d5580000)
  object space 93696K, 49% used [0x0000000080000000,0x0000000082dbde68,0x0000000085b80000)
 Metaspace       used 91029K, capacity 95922K, committed 96168K, reserved 1132544K
  class space    used 12050K, capacity 12940K, committed 12976K, reserved 1048576K
}
Event: 691.228 GC heap before
{Heap before GC invocations=22 (full 4):
 PSYoungGen      total 327680K, used 317174K [0x00000000d5580000, 0x00000000ed980000, 0x0000000100000000)
  eden space 300032K, 100% used [0x00000000d5580000,0x00000000e7a80000,0x00000000e7a80000)
  from space 27648K, 62% used [0x00000000e7a80000,0x00000000e8b3d800,0x00000000e9580000)
  to   space 28160K, 0% used [0x00000000ebe00000,0x00000000ebe00000,0x00000000ed980000)
 ParOldGen       total 93696K, used 46839K [0x0000000080000000, 0x0000000085b80000, 0x00000000d5580000)
  object space 93696K, 49% used [0x0000000080000000,0x0000000082dbde68,0x0000000085b80000)
 Metaspace       used 92192K, capacity 97244K, committed 97320K, reserved 1134592K
  class space    used 12172K, capacity 13063K, committed 13104K, reserved 1048576K
Event: 691.519 GC heap after
Heap after GC invocations=22 (full 4):
 PSYoungGen      total 360448K, used 28134K [0x00000000d5580000, 0x00000000ef580000, 0x0000000100000000)
  eden space 332288K, 0% used [0x00000000d5580000,0x00000000d5580000,0x00000000e9a00000)
  from space 28160K, 99% used [0x00000000ebe00000,0x00000000ed979920,0x00000000ed980000)
  to   space 36864K, 0% used [0x00000000e9a00000,0x00000000e9a00000,0x00000000ebe00000)
 ParOldGen       total 93696K, used 58587K [0x0000000080000000, 0x0000000085b80000, 0x00000000d5580000)
  object space 93696K, 62% used [0x0000000080000000,0x0000000083936cd0,0x0000000085b80000)
 Metaspace       used 92192K, capacity 97244K, committed 97320K, reserved 1134592K
  class space    used 12172K, capacity 13063K, committed 13104K, reserved 1048576K
}
Event: 697.335 GC heap before
{Heap before GC invocations=23 (full 4):
 PSYoungGen      total 360448K, used 360422K [0x00000000d5580000, 0x00000000ef580000, 0x0000000100000000)
  eden space 332288K, 100% used [0x00000000d5580000,0x00000000e9a00000,0x00000000e9a00000)
  from space 28160K, 99% used [0x00000000ebe00000,0x00000000ed979920,0x00000000ed980000)
  to   space 36864K, 0% used [0x00000000e9a00000,0x00000000e9a00000,0x00000000ebe00000)
 ParOldGen       total 93696K, used 58587K [0x0000000080000000, 0x0000000085b80000, 0x00000000d5580000)
  object space 93696K, 62% used [0x0000000080000000,0x0000000083936cd0,0x0000000085b80000)
 Metaspace       used 92622K, capacity 97700K, committed 97832K, reserved 1134592K
  class space    used 12174K, capacity 13067K, committed 13104K, reserved 1048576K
Event: 697.453 GC heap after
Heap after GC invocations=23 (full 4):
 PSYoungGen      total 369152K, used 21251K [0x00000000d5580000, 0x00000000f1e00000, 0x0000000100000000)
  eden space 332288K, 0% used [0x00000000d5580000,0x00000000d5580000,0x00000000e9a00000)
  from space 36864K, 57% used [0x00000000e9a00000,0x00000000eaec0ef0,0x00000000ebe00000)
  to   space 36864K, 0% used [0x00000000efa00000,0x00000000efa00000,0x00000000f1e00000)
 ParOldGen       total 93696K, used 66306K [0x0000000080000000, 0x0000000085b80000, 0x00000000d5580000)
  object space 93696K, 70% used [0x0000000080000000,0x00000000840c0ae8,0x0000000085b80000)
 Metaspace       used 92622K, capacity 97700K, committed 97832K, reserved 1134592K
  class space    used 12174K, capacity 13067K, committed 13104K, reserved 1048576K
}
Event: 702.266 GC heap before
{Heap before GC invocations=24 (full 4):
 PSYoungGen      total 369152K, used 353539K [0x00000000d5580000, 0x00000000f1e00000, 0x0000000100000000)
  eden space 332288K, 100% used [0x00000000d5580000,0x00000000e9a00000,0x00000000e9a00000)
  from space 36864K, 57% used [0x00000000e9a00000,0x00000000eaec0ef0,0x00000000ebe00000)
  to   space 36864K, 0% used [0x00000000efa00000,0x00000000efa00000,0x00000000f1e00000)
 ParOldGen       total 93696K, used 66306K [0x0000000080000000, 0x0000000085b80000, 0x00000000d5580000)
  object space 93696K, 70% used [0x0000000080000000,0x00000000840c0ae8,0x0000000085b80000)
 Metaspace       used 92741K, capacity 97800K, committed 98088K, reserved 1134592K
  class space    used 12178K, capacity 13071K, committed 13104K, reserved 1048576K
Event: 702.412 GC heap after
Heap after GC invocations=24 (full 4):
 PSYoungGen      total 429568K, used 23381K [0x00000000d5580000, 0x00000000f2680000, 0x0000000100000000)
  eden space 392704K, 0% used [0x00000000d5580000,0x00000000d5580000,0x00000000ed500000)
  from space 36864K, 63% used [0x00000000efa00000,0x00000000f10d56b8,0x00000000f1e00000)
  to   space 37888K, 0% used [0x00000000ed500000,0x00000000ed500000,0x00000000efa00000)
 ParOldGen       total 93696K, used 66314K [0x0000000080000000, 0x0000000085b80000, 0x00000000d5580000)
  object space 93696K, 70% used [0x0000000080000000,0x00000000840c2ae8,0x0000000085b80000)
 Metaspace       used 92741K, capacity 97800K, committed 98088K, reserved 1134592K
  class space    used 12178K, capacity 13071K, committed 13104K, reserved 1048576K
}
Event: 708.732 GC heap before
{Heap before GC invocations=25 (full 4):
 PSYoungGen      total 429568K, used 416085K [0x00000000d5580000, 0x00000000f2680000, 0x0000000100000000)
  eden space 392704K, 100% used [0x00000000d5580000,0x00000000ed500000,0x00000000ed500000)
  from space 36864K, 63% used [0x00000000efa00000,0x00000000f10d56b8,0x00000000f1e00000)
  to   space 37888K, 0% used [0x00000000ed500000,0x00000000ed500000,0x00000000efa00000)
 ParOldGen       total 93696K, used 66314K [0x0000000080000000, 0x0000000085b80000, 0x00000000d5580000)
  object space 93696K, 70% used [0x0000000080000000,0x00000000840c2ae8,0x0000000085b80000)
 Metaspace       used 92839K, capacity 98004K, committed 98088K, reserved 1134592K
  class space    used 12179K, capacity 13071K, committed 13104K, reserved 1048576K

