# JRE version: OpenJDK Runtime Environment (8.0_242) (build 1.8.0_242-release-1644-b3-6222593)
# Java VM: OpenJDK 64-Bit Server VM (25.242-b3-6222593 mixed mode linux-amd64 compressed oops)
Heap:
 PSYoungGen      total 196096K, used 0K [0x00000000d5580000, 0x00000000e2c00000, 0x0000000100000000)
  eden space 180224K, 0% used [0x00000000d5580000,0x00000000d5580000,0x00000000e0580000)
  from space 15872K, 0% used [0x00000000e1700000,0x00000000e1700000,0x00000000e2680000)
  to   space 17920K, 0% used [0x00000000e0580000,0x00000000e0580000,0x00000000e1700000)
 ParOldGen       total 43008K, used 34573K [0x0000000080000000, 0x0000000082a00000, 0x00000000d5580000)
  object space 43008K, 80% used [0x0000000080000000,0x00000000821c3610,0x0000000082a00000)
 Metaspace       used 57124K, capacity 59048K, committed 59160K, reserved 1099776K
  class space    used 7844K, capacity 8313K, committed 8368K, reserved 1048576K
GC Heap History (10 events):
Event: 27.094 GC heap after
Heap after GC invocations=10 (full 1):
 PSYoungGen      total 103424K, used 8181K [0x00000000d5580000, 0x00000000df080000, 0x0000000100000000)
  eden space 95232K, 0% used [0x00000000d5580000,0x00000000d5580000,0x00000000db280000)
  from space 8192K, 99% used [0x00000000db280000,0x00000000dba7d500,0x00000000dba80000)
  to   space 10752K, 0% used [0x00000000de600000,0x00000000de600000,0x00000000df080000)
 ParOldGen       total 29696K, used 13794K [0x0000000080000000, 0x0000000081d00000, 0x00000000d5580000)
  object space 29696K, 46% used [0x0000000080000000,0x0000000080d78990,0x0000000081d00000)
 Metaspace       used 30941K, capacity 31612K, committed 31920K, reserved 1077248K
  class space    used 4219K, capacity 4435K, committed 4528K, reserved 1048576K
}
Event: 31.647 GC heap before
{Heap before GC invocations=11 (full 1):
 PSYoungGen      total 103424K, used 90189K [0x00000000d5580000, 0x00000000df080000, 0x0000000100000000)
  eden space 95232K, 86% used [0x00000000d5580000,0x00000000da5962a0,0x00000000db280000)
  from space 8192K, 99% used [0x00000000db280000,0x00000000dba7d500,0x00000000dba80000)
  to   space 10752K, 0% used [0x00000000de600000,0x00000000de600000,0x00000000df080000)
 ParOldGen       total 29696K, used 13794K [0x0000000080000000, 0x0000000081d00000, 0x00000000d5580000)
  object space 29696K, 46% used [0x0000000080000000,0x0000000080d78990,0x0000000081d00000)
 Metaspace       used 34582K, capacity 35466K, committed 35496K, reserved 1079296K
  class space    used 4739K, capacity 5010K, committed 5040K, reserved 1048576K
Event: 31.725 GC heap after
Heap after GC invocations=11 (full 1):
 PSYoungGen      total 146432K, used 10705K [0x00000000d5580000, 0x00000000df300000, 0x0000000100000000)
  eden space 135680K, 0% used [0x00000000d5580000,0x00000000d5580000,0x00000000dda00000)
  from space 10752K, 99% used [0x00000000de600000,0x00000000df074788,0x00000000df080000)
  to   space 12288K, 0% used [0x00000000dda00000,0x00000000dda00000,0x00000000de600000)
 ParOldGen       total 29696K, used 13802K [0x0000000080000000, 0x0000000081d00000, 0x00000000d5580000)
  object space 29696K, 46% used [0x0000000080000000,0x0000000080d7a990,0x0000000081d00000)
 Metaspace       used 34582K, capacity 35466K, committed 35496K, reserved 1079296K
  class space    used 4739K, capacity 5010K, committed 5040K, reserved 1048576K
}
Event: 31.725 GC heap before
{Heap before GC invocations=12 (full 2):
 PSYoungGen      total 146432K, used 10705K [0x00000000d5580000, 0x00000000df300000, 0x0000000100000000)
  eden space 135680K, 0% used [0x00000000d5580000,0x00000000d5580000,0x00000000dda00000)
  from space 10752K, 99% used [0x00000000de600000,0x00000000df074788,0x00000000df080000)
  to   space 12288K, 0% used [0x00000000dda00000,0x00000000dda00000,0x00000000de600000)
 ParOldGen       total 29696K, used 13802K [0x0000000080000000, 0x0000000081d00000, 0x00000000d5580000)
  object space 29696K, 46% used [0x0000000080000000,0x0000000080d7a990,0x0000000081d00000)
 Metaspace       used 34582K, capacity 35466K, committed 35496K, reserved 1079296K
  class space    used 4739K, capacity 5010K, committed 5040K, reserved 1048576K
Event: 31.951 GC heap after
Heap after GC invocations=12 (full 2):
 PSYoungGen      total 146432K, used 0K [0x00000000d5580000, 0x00000000df300000, 0x0000000100000000)
  eden space 135680K, 0% used [0x00000000d5580000,0x00000000d5580000,0x00000000dda00000)
  from space 10752K, 0% used [0x00000000de600000,0x00000000de600000,0x00000000df080000)
  to   space 12288K, 0% used [0x00000000dda00000,0x00000000dda00000,0x00000000de600000)
 ParOldGen       total 43008K, used 16961K [0x0000000080000000, 0x0000000082a00000, 0x00000000d5580000)
  object space 43008K, 39% used [0x0000000080000000,0x00000000810907f0,0x0000000082a00000)
 Metaspace       used 34582K, capacity 35466K, committed 35496K, reserved 1079296K
  class space    used 4739K, capacity 5010K, committed 5040K, reserved 1048576K
}
Event: 44.562 GC heap before
{Heap before GC invocations=13 (full 2):
 PSYoungGen      total 146432K, used 135035K [0x00000000d5580000, 0x00000000df300000, 0x0000000100000000)
  eden space 135680K, 99% used [0x00000000d5580000,0x00000000dd95ef68,0x00000000dda00000)
  from space 10752K, 0% used [0x00000000de600000,0x00000000de600000,0x00000000df080000)
  to   space 12288K, 0% used [0x00000000dda00000,0x00000000dda00000,0x00000000de600000)
 ParOldGen       total 43008K, used 16961K [0x0000000080000000, 0x0000000082a00000, 0x00000000d5580000)
  object space 43008K, 39% used [0x0000000080000000,0x00000000810907f0,0x0000000082a00000)
 Metaspace       used 46185K, capacity 47690K, committed 47912K, reserved 1091584K
  class space    used 6246K, capacity 6615K, committed 6704K, reserved 1048576K
Event: 44.705 GC heap after
Heap after GC invocations=13 (full 2):
 PSYoungGen      total 147968K, used 12286K [0x00000000d5580000, 0x00000000e2680000, 0x0000000100000000)
  eden space 135680K, 0% used [0x00000000d5580000,0x00000000d5580000,0x00000000dda00000)
  from space 12288K, 99% used [0x00000000dda00000,0x00000000de5ffb78,0x00000000de600000)
  to   space 15872K, 0% used [0x00000000e1700000,0x00000000e1700000,0x00000000e2680000)
 ParOldGen       total 43008K, used 21451K [0x0000000080000000, 0x0000000082a00000, 0x00000000d5580000)
  object space 43008K, 49% used [0x0000000080000000,0x00000000814f2e50,0x0000000082a00000)
 Metaspace       used 46185K, capacity 47690K, committed 47912K, reserved 1091584K
  class space    used 6246K, capacity 6615K, committed 6704K, reserved 1048576K
}
Event: 56.848 GC heap before
{Heap before GC invocations=14 (full 2):
 PSYoungGen      total 147968K, used 140241K [0x00000000d5580000, 0x00000000e2680000, 0x0000000100000000)
  eden space 135680K, 94% used [0x00000000d5580000,0x00000000dd274aa0,0x00000000dda00000)
  from space 12288K, 99% used [0x00000000dda00000,0x00000000de5ffb78,0x00000000de600000)
  to   space 15872K, 0% used [0x00000000e1700000,0x00000000e1700000,0x00000000e2680000)
 ParOldGen       total 43008K, used 21451K [0x0000000080000000, 0x0000000082a00000, 0x00000000d5580000)
  object space 43008K, 49% used [0x0000000080000000,0x00000000814f2e50,0x0000000082a00000)
 Metaspace       used 57136K, capacity 59090K, committed 59160K, reserved 1099776K
  class space    used 7848K, capacity 8320K, committed 8368K, reserved 1048576K
Event: 57.128 GC heap after
Heap after GC invocations=14 (full 2):
 PSYoungGen      total 196096K, used 14475K [0x00000000d5580000, 0x00000000e2c00000, 0x0000000100000000)
  eden space 180224K, 0% used [0x00000000d5580000,0x00000000d5580000,0x00000000e0580000)
  from space 15872K, 91% used [0x00000000e1700000,0x00000000e2522d10,0x00000000e2680000)
  to   space 17920K, 0% used [0x00000000e0580000,0x00000000e0580000,0x00000000e1700000)
 ParOldGen       total 43008K, used 29173K [0x0000000080000000, 0x0000000082a00000, 0x00000000d5580000)
  object space 43008K, 67% used [0x0000000080000000,0x0000000081c7d4b0,0x0000000082a00000)
 Metaspace       used 57136K, capacity 59090K, committed 59160K, reserved 1099776K
  class space    used 7848K, capacity 8320K, committed 8368K, reserved 1048576K
}
Event: 57.150 GC heap before
{Heap before GC invocations=15 (full 3):
 PSYoungGen      total 196096K, used 14475K [0x00000000d5580000, 0x00000000e2c00000, 0x0000000100000000)
  eden space 180224K, 0% used [0x00000000d5580000,0x00000000d5580000,0x00000000e0580000)
  from space 15872K, 91% used [0x00000000e1700000,0x00000000e2522d10,0x00000000e2680000)
  to   space 17920K, 0% used [0x00000000e0580000,0x00000000e0580000,0x00000000e1700000)
 ParOldGen       total 43008K, used 29173K [0x0000000080000000, 0x0000000082a00000, 0x00000000d5580000)
  object space 43008K, 67% used [0x0000000080000000,0x0000000081c7d4b0,0x0000000082a00000)
 Metaspace       used 57136K, capacity 59090K, committed 59160K, reserved 1099776K
  class space    used 7848K, capacity 8320K, committed 8368K, reserved 1048576K

